{"C:\\Users\\antfc\\Documents\\projects\\Backend-appDenuncias\\db\\conectdb.js": {"path":"C:\\Users\\antfc\\Documents\\projects\\Backend-appDenuncias\\db\\conectdb.js","statementMap":{"0":{"start":{"line":1,"column":18},"end":{"line":1,"column":38}},"1":{"start":{"line":2,"column":11},"end":{"line":5,"column":2}},"2":{"start":{"line":6,"column":0},"end":{"line":11,"column":1}},"3":{"start":{"line":7,"column":2},"end":{"line":7,"column":20}},"4":{"start":{"line":8,"column":2},"end":{"line":8,"column":45}},"5":{"start":{"line":10,"column":2},"end":{"line":10,"column":60}},"6":{"start":{"line":12,"column":0},"end":{"line":12,"column":20}}},"fnMap":{},"branchMap":{},"s":{"0":1,"1":1,"2":1,"3":1,"4":1,"5":0,"6":1},"f":{},"b":{},"inputSourceMap":null,"_coverageSchema":"1a1c01bbd47fc00a2c39e90264f33305004495a9","hash":"deb0ca53a92f2f0404433b9e05e21478ca81bfb1"}
,"C:\\Users\\antfc\\Documents\\projects\\Backend-appDenuncias\\routers\\router.js": {"path":"C:\\Users\\antfc\\Documents\\projects\\Backend-appDenuncias\\routers\\router.js","statementMap":{"0":{"start":{"line":1,"column":16},"end":{"line":1,"column":34}},"1":{"start":{"line":2,"column":15},"end":{"line":2,"column":31}},"2":{"start":{"line":3,"column":11},"end":{"line":3,"column":39}},"3":{"start":{"line":6,"column":0},"end":{"line":8,"column":3}},"4":{"start":{"line":7,"column":2},"end":{"line":7,"column":66}},"5":{"start":{"line":10,"column":0},"end":{"line":63,"column":3}},"6":{"start":{"line":11,"column":53},"end":{"line":11,"column":61}},"7":{"start":{"line":12,"column":2},"end":{"line":62,"column":3}},"8":{"start":{"line":16,"column":4},"end":{"line":18,"column":70}},"9":{"start":{"line":19,"column":9},"end":{"line":62,"column":3}},"10":{"start":{"line":20,"column":4},"end":{"line":22,"column":70}},"11":{"start":{"line":24,"column":24},"end":{"line":26,"column":5}},"12":{"start":{"line":27,"column":26},"end":{"line":29,"column":5}},"13":{"start":{"line":30,"column":4},"end":{"line":30,"column":46}},"14":{"start":{"line":31,"column":4},"end":{"line":61,"column":5}},"15":{"start":{"line":32,"column":6},"end":{"line":46,"column":8}},"16":{"start":{"line":47,"column":6},"end":{"line":52,"column":9}},"17":{"start":{"line":54,"column":26},"end":{"line":54,"column":56}},"18":{"start":{"line":55,"column":28},"end":{"line":55,"column":60}},"19":{"start":{"line":56,"column":6},"end":{"line":60,"column":9}},"20":{"start":{"line":65,"column":0},"end":{"line":89,"column":3}},"21":{"start":{"line":66,"column":27},"end":{"line":66,"column":35}},"22":{"start":{"line":67,"column":2},"end":{"line":88,"column":3}},"23":{"start":{"line":68,"column":4},"end":{"line":68,"column":70}},"24":{"start":{"line":70,"column":19},"end":{"line":76,"column":5}},"25":{"start":{"line":77,"column":4},"end":{"line":87,"column":5}},"26":{"start":{"line":78,"column":6},"end":{"line":81,"column":9}},"27":{"start":{"line":83,"column":6},"end":{"line":86,"column":9}},"28":{"start":{"line":91,"column":0},"end":{"line":111,"column":3}},"29":{"start":{"line":92,"column":18},"end":{"line":92,"column":26}},"30":{"start":{"line":93,"column":2},"end":{"line":110,"column":3}},"31":{"start":{"line":94,"column":4},"end":{"line":94,"column":54}},"32":{"start":{"line":96,"column":21},"end":{"line":98,"column":5}},"33":{"start":{"line":99,"column":4},"end":{"line":109,"column":5}},"34":{"start":{"line":100,"column":6},"end":{"line":103,"column":9}},"35":{"start":{"line":105,"column":6},"end":{"line":108,"column":9}},"36":{"start":{"line":113,"column":0},"end":{"line":143,"column":3}},"37":{"start":{"line":114,"column":51},"end":{"line":114,"column":59}},"38":{"start":{"line":115,"column":2},"end":{"line":142,"column":3}},"39":{"start":{"line":125,"column":4},"end":{"line":127,"column":69}},"40":{"start":{"line":129,"column":4},"end":{"line":141,"column":5}},"41":{"start":{"line":130,"column":6},"end":{"line":137,"column":8}},"42":{"start":{"line":138,"column":6},"end":{"line":138,"column":74}},"43":{"start":{"line":140,"column":6},"end":{"line":140,"column":91}},"44":{"start":{"line":144,"column":0},"end":{"line":159,"column":2}},"45":{"start":{"line":145,"column":14},"end":{"line":145,"column":22}},"46":{"start":{"line":146,"column":2},"end":{"line":146,"column":23}},"47":{"start":{"line":147,"column":2},"end":{"line":158,"column":3}},"48":{"start":{"line":148,"column":4},"end":{"line":154,"column":5}},"49":{"start":{"line":149,"column":23},"end":{"line":149,"column":98}},"50":{"start":{"line":150,"column":6},"end":{"line":150,"column":46}},"51":{"start":{"line":152,"column":23},"end":{"line":152,"column":132}},"52":{"start":{"line":153,"column":6},"end":{"line":153,"column":46}},"53":{"start":{"line":157,"column":4},"end":{"line":157,"column":37}},"54":{"start":{"line":160,"column":0},"end":{"line":168,"column":2}},"55":{"start":{"line":161,"column":23},"end":{"line":161,"column":31}},"56":{"start":{"line":162,"column":2},"end":{"line":167,"column":3}},"57":{"start":{"line":163,"column":4},"end":{"line":163,"column":101}},"58":{"start":{"line":164,"column":4},"end":{"line":164,"column":76}},"59":{"start":{"line":166,"column":4},"end":{"line":166,"column":38}},"60":{"start":{"line":170,"column":0},"end":{"line":170,"column":24}}},"fnMap":{"0":{"name":"(anonymous_0)","decl":{"start":{"line":6,"column":16},"end":{"line":6,"column":17}},"loc":{"start":{"line":6,"column":30},"end":{"line":8,"column":1}},"line":6},"1":{"name":"(anonymous_1)","decl":{"start":{"line":10,"column":27},"end":{"line":10,"column":28}},"loc":{"start":{"line":10,"column":47},"end":{"line":63,"column":1}},"line":10},"2":{"name":"(anonymous_2)","decl":{"start":{"line":65,"column":22},"end":{"line":65,"column":23}},"loc":{"start":{"line":65,"column":42},"end":{"line":89,"column":1}},"line":65},"3":{"name":"(anonymous_3)","decl":{"start":{"line":91,"column":24},"end":{"line":91,"column":25}},"loc":{"start":{"line":91,"column":44},"end":{"line":111,"column":1}},"line":91},"4":{"name":"(anonymous_4)","decl":{"start":{"line":113,"column":30},"end":{"line":113,"column":31}},"loc":{"start":{"line":113,"column":50},"end":{"line":143,"column":1}},"line":113},"5":{"name":"(anonymous_5)","decl":{"start":{"line":144,"column":33},"end":{"line":144,"column":34}},"loc":{"start":{"line":144,"column":52},"end":{"line":159,"column":1}},"line":144},"6":{"name":"(anonymous_6)","decl":{"start":{"line":160,"column":29},"end":{"line":160,"column":30}},"loc":{"start":{"line":160,"column":47},"end":{"line":168,"column":1}},"line":160}},"branchMap":{"0":{"loc":{"start":{"line":12,"column":2},"end":{"line":62,"column":3}},"type":"if","locations":[{"start":{"line":12,"column":2},"end":{"line":62,"column":3}},{"start":{"line":19,"column":9},"end":{"line":62,"column":3}}],"line":12},"1":{"loc":{"start":{"line":13,"column":5},"end":{"line":13,"column":43}},"type":"binary-expr","locations":[{"start":{"line":13,"column":5},"end":{"line":13,"column":15}},{"start":{"line":13,"column":19},"end":{"line":13,"column":30}},{"start":{"line":13,"column":34},"end":{"line":13,"column":43}}],"line":13},"2":{"loc":{"start":{"line":14,"column":4},"end":{"line":14,"column":46}},"type":"binary-expr","locations":[{"start":{"line":14,"column":4},"end":{"line":14,"column":13}},{"start":{"line":14,"column":17},"end":{"line":14,"column":31}},{"start":{"line":14,"column":35},"end":{"line":14,"column":46}}],"line":14},"3":{"loc":{"start":{"line":19,"column":9},"end":{"line":62,"column":3}},"type":"if","locations":[{"start":{"line":19,"column":9},"end":{"line":62,"column":3}},{"start":{"line":23,"column":9},"end":{"line":62,"column":3}}],"line":19},"4":{"loc":{"start":{"line":19,"column":13},"end":{"line":19,"column":67}},"type":"binary-expr","locations":[{"start":{"line":19,"column":13},"end":{"line":19,"column":18}},{"start":{"line":19,"column":22},"end":{"line":19,"column":26}},{"start":{"line":19,"column":30},"end":{"line":19,"column":36}},{"start":{"line":19,"column":40},"end":{"line":19,"column":49}},{"start":{"line":19,"column":53},"end":{"line":19,"column":57}},{"start":{"line":19,"column":61},"end":{"line":19,"column":67}}],"line":19},"5":{"loc":{"start":{"line":31,"column":4},"end":{"line":61,"column":5}},"type":"if","locations":[{"start":{"line":31,"column":4},"end":{"line":61,"column":5}},{"start":{"line":53,"column":11},"end":{"line":61,"column":5}}],"line":31},"6":{"loc":{"start":{"line":31,"column":8},"end":{"line":31,"column":67}},"type":"binary-expr","locations":[{"start":{"line":31,"column":8},"end":{"line":31,"column":35}},{"start":{"line":31,"column":39},"end":{"line":31,"column":67}}],"line":31},"7":{"loc":{"start":{"line":67,"column":2},"end":{"line":88,"column":3}},"type":"if","locations":[{"start":{"line":67,"column":2},"end":{"line":88,"column":3}},{"start":{"line":69,"column":9},"end":{"line":88,"column":3}}],"line":67},"8":{"loc":{"start":{"line":67,"column":6},"end":{"line":67,"column":52}},"type":"binary-expr","locations":[{"start":{"line":67,"column":6},"end":{"line":67,"column":12}},{"start":{"line":67,"column":16},"end":{"line":67,"column":22}},{"start":{"line":67,"column":26},"end":{"line":67,"column":37}},{"start":{"line":67,"column":41},"end":{"line":67,"column":52}}],"line":67},"9":{"loc":{"start":{"line":77,"column":4},"end":{"line":87,"column":5}},"type":"if","locations":[{"start":{"line":77,"column":4},"end":{"line":87,"column":5}},{"start":{"line":82,"column":11},"end":{"line":87,"column":5}}],"line":77},"10":{"loc":{"start":{"line":93,"column":2},"end":{"line":110,"column":3}},"type":"if","locations":[{"start":{"line":93,"column":2},"end":{"line":110,"column":3}},{"start":{"line":95,"column":9},"end":{"line":110,"column":3}}],"line":93},"11":{"loc":{"start":{"line":93,"column":6},"end":{"line":93,"column":23}},"type":"binary-expr","locations":[{"start":{"line":93,"column":6},"end":{"line":93,"column":10}},{"start":{"line":93,"column":14},"end":{"line":93,"column":23}}],"line":93},"12":{"loc":{"start":{"line":99,"column":4},"end":{"line":109,"column":5}},"type":"if","locations":[{"start":{"line":99,"column":4},"end":{"line":109,"column":5}},{"start":{"line":104,"column":11},"end":{"line":109,"column":5}}],"line":99},"13":{"loc":{"start":{"line":115,"column":2},"end":{"line":142,"column":3}},"type":"if","locations":[{"start":{"line":115,"column":2},"end":{"line":142,"column":3}},{"start":{"line":128,"column":9},"end":{"line":142,"column":3}}],"line":115},"14":{"loc":{"start":{"line":116,"column":4},"end":{"line":123,"column":16}},"type":"binary-expr","locations":[{"start":{"line":116,"column":4},"end":{"line":116,"column":11}},{"start":{"line":117,"column":4},"end":{"line":117,"column":16}},{"start":{"line":118,"column":4},"end":{"line":118,"column":14}},{"start":{"line":119,"column":4},"end":{"line":119,"column":19}},{"start":{"line":120,"column":4},"end":{"line":120,"column":14}},{"start":{"line":121,"column":4},"end":{"line":121,"column":19}},{"start":{"line":122,"column":4},"end":{"line":122,"column":11}},{"start":{"line":123,"column":4},"end":{"line":123,"column":16}}],"line":116},"15":{"loc":{"start":{"line":148,"column":4},"end":{"line":154,"column":5}},"type":"if","locations":[{"start":{"line":148,"column":4},"end":{"line":154,"column":5}},{"start":{"line":151,"column":9},"end":{"line":154,"column":5}}],"line":148},"16":{"loc":{"start":{"line":148,"column":7},"end":{"line":148,"column":30}},"type":"binary-expr","locations":[{"start":{"line":148,"column":7},"end":{"line":148,"column":11}},{"start":{"line":148,"column":15},"end":{"line":148,"column":30}}],"line":148}},"s":{"0":1,"1":1,"2":1,"3":1,"4":0,"5":1,"6":4,"7":4,"8":1,"9":3,"10":1,"11":2,"12":2,"13":2,"14":2,"15":2,"16":2,"17":0,"18":0,"19":0,"20":1,"21":0,"22":0,"23":0,"24":0,"25":0,"26":0,"27":0,"28":1,"29":0,"30":0,"31":0,"32":0,"33":0,"34":0,"35":0,"36":1,"37":0,"38":0,"39":0,"40":0,"41":0,"42":0,"43":0,"44":1,"45":0,"46":0,"47":0,"48":0,"49":0,"50":0,"51":0,"52":0,"53":0,"54":1,"55":0,"56":0,"57":0,"58":0,"59":0,"60":1},"f":{"0":0,"1":4,"2":0,"3":0,"4":0,"5":0,"6":0},"b":{"0":[1,3],"1":[4,3,3],"2":[4,3,3],"3":[1,2],"4":[3,3,3,3,2,2],"5":[2,0],"6":[2,2],"7":[0,0],"8":[0,0,0,0],"9":[0,0],"10":[0,0],"11":[0,0],"12":[0,0],"13":[0,0],"14":[0,0,0,0,0,0,0,0],"15":[0,0],"16":[0,0]},"inputSourceMap":null,"_coverageSchema":"1a1c01bbd47fc00a2c39e90264f33305004495a9","hash":"bbc7aeec4ef42a2bf9e470a3f526a5529ba91b61"}
}
