TN:
SF:db\conectdb.js
FNF:0
FNH:0
DA:1,1
DA:2,1
DA:6,1
DA:7,1
DA:8,1
DA:10,0
DA:12,1
LF:7
LH:6
BRF:0
BRH:0
end_of_record
TN:
SF:routers\router.js
FN:6,(anonymous_0)
FN:10,(anonymous_1)
FN:65,(anonymous_2)
FN:91,(anonymous_3)
FN:113,(anonymous_4)
FN:144,(anonymous_5)
FN:160,(anonymous_6)
FNF:7
FNH:1
FNDA:0,(anonymous_0)
FNDA:4,(anonymous_1)
FNDA:0,(anonymous_2)
FNDA:0,(anonymous_3)
FNDA:0,(anonymous_4)
FNDA:0,(anonymous_5)
FNDA:0,(anonymous_6)
DA:1,1
DA:2,1
DA:3,1
DA:6,1
DA:7,0
DA:10,1
DA:11,4
DA:12,4
DA:16,1
DA:19,3
DA:20,1
DA:24,2
DA:27,2
DA:30,2
DA:31,2
DA:32,2
DA:47,2
DA:54,0
DA:55,0
DA:56,0
DA:65,1
DA:66,0
DA:67,0
DA:68,0
DA:70,0
DA:77,0
DA:78,0
DA:83,0
DA:91,1
DA:92,0
DA:93,0
DA:94,0
DA:96,0
DA:99,0
DA:100,0
DA:105,0
DA:113,1
DA:114,0
DA:115,0
DA:125,0
DA:129,0
DA:130,0
DA:138,0
DA:140,0
DA:144,1
DA:145,0
DA:146,0
DA:147,0
DA:148,0
DA:149,0
DA:150,0
DA:152,0
DA:153,0
DA:157,0
DA:160,1
DA:161,0
DA:162,0
DA:163,0
DA:164,0
DA:166,0
DA:170,1
LF:61
LH:22
BRDA:12,0,0,1
BRDA:12,0,1,3
BRDA:13,1,0,4
BRDA:13,1,1,3
BRDA:13,1,2,3
BRDA:14,2,0,4
BRDA:14,2,1,3
BRDA:14,2,2,3
BRDA:19,3,0,1
BRDA:19,3,1,2
BRDA:19,4,0,3
BRDA:19,4,1,3
BRDA:19,4,2,3
BRDA:19,4,3,3
BRDA:19,4,4,2
BRDA:19,4,5,2
BRDA:31,5,0,2
BRDA:31,5,1,0
BRDA:31,6,0,2
BRDA:31,6,1,2
BRDA:67,7,0,0
BRDA:67,7,1,0
BRDA:67,8,0,0
BRDA:67,8,1,0
BRDA:67,8,2,0
BRDA:67,8,3,0
BRDA:77,9,0,0
BRDA:77,9,1,0
BRDA:93,10,0,0
BRDA:93,10,1,0
BRDA:93,11,0,0
BRDA:93,11,1,0
BRDA:99,12,0,0
BRDA:99,12,1,0
BRDA:115,13,0,0
BRDA:115,13,1,0
BRDA:116,14,0,0
BRDA:116,14,1,0
BRDA:116,14,2,0
BRDA:116,14,3,0
BRDA:116,14,4,0
BRDA:116,14,5,0
BRDA:116,14,6,0
BRDA:116,14,7,0
BRDA:148,15,0,0
BRDA:148,15,1,0
BRDA:148,16,0,0
BRDA:148,16,1,0
BRF:48
BRH:19
end_of_record
